<?xml version="1.0" encoding="UTF-8"?>
<!-- Generated by org.testng.reporters.JUnitReportReporter -->
<testsuite skipped="0" hostname="Udruzenje-PC" name="sandbox.test.LoginTest" tests="3" failures="0" timestamp="2020-05-23T12:43:46 CEST" time="225.834" errors="0">
  <testcase name="loginUserWithoutRegistration" time="6.368" classname="sandbox.test.LoginTest"/>
  <system-out/>
  <testcase name="loginOneUser" time="10.452" classname="sandbox.test.LoginTest"/>
  <system-out/>
  <testcase name="login30Users" time="209.014" classname="sandbox.test.LoginTest"/>
  <system-out/>
</testsuite> <!-- sandbox.test.LoginTest -->
