<?xml version="1.0" encoding="UTF-8"?>
<!-- Generated by org.testng.reporters.JUnitReportReporter -->
<testsuite skipped="0" hostname="Udruzenje-PC" name="ojacavanje.test.RegistrationTest" tests="6" failures="0" timestamp="2020-05-23T01:10:50 CEST" time="35.086" errors="0">
  <testcase name="registerWithoutFirstName" time="8.964" classname="ojacavanje.test.RegistrationTest"/>
  <system-out/>
  <testcase name="registerWithoutLastName" time="5.157" classname="ojacavanje.test.RegistrationTest"/>
  <system-out/>
  <testcase name="registerWithoutEmail" time="3.769" classname="ojacavanje.test.RegistrationTest"/>
  <system-out/>
  <testcase name="registerWithoutPassword" time="3.844" classname="ojacavanje.test.RegistrationTest"/>
  <system-out/>
  <testcase name="registerWithoutWebsite" time="3.828" classname="ojacavanje.test.RegistrationTest"/>
  <system-out/>
  <testcase name="registerWithoutValidatedNotRobotCheckbox" time="9.524" classname="ojacavanje.test.RegistrationTest"/>
  <system-out/>
</testsuite> <!-- ojacavanje.test.RegistrationTest -->
