<?xml version="1.0" encoding="UTF-8"?>
<!-- Generated by org.testng.reporters.JUnitReportReporter -->
<testsuite skipped="0" hostname="Udruzenje-PC" name="ojacavanje.test.LoginTest" tests="1" failures="0" timestamp="2020-05-23T05:39:06 CEST" time="213.349" errors="0">
  <testcase name="login30Users" time="213.349" classname="ojacavanje.test.LoginTest"/>
  <system-out/>
</testsuite> <!-- ojacavanje.test.LoginTest -->
