<?xml version="1.0" encoding="UTF-8"?>
<!-- Generated by org.testng.reporters.JUnitReportReporter -->
<testsuite skipped="0" hostname="Udruzenje-PC" name="sandbox.test.RegistrationTest" tests="1" failures="0" timestamp="2020-05-23T12:29:30 CEST" time="24.166" errors="0">
  <testcase name="registerOneUser" time="24.166" classname="sandbox.test.RegistrationTest"/>
  <system-out/>
</testsuite> <!-- sandbox.test.RegistrationTest -->
