<?xml version="1.0" encoding="UTF-8"?>
<!-- Generated by org.testng.reporters.JUnitReportReporter -->
<testsuite skipped="0" hostname="Udruzenje-PC" name="sandbox.test.ProductsTest" tests="1" failures="0" timestamp="2020-05-23T12:36:55 CEST" time="9.517" errors="0">
  <testcase name="increasePrice" time="9.517" classname="sandbox.test.ProductsTest"/>
  <system-out/>
</testsuite> <!-- sandbox.test.ProductsTest -->
